<?xml version="1.0" encoding="UTF-8"?>
<testng-results ignored="0" total="1" passed="1" failed="0" skipped="0">
  <reporter-output>
  </reporter-output>
  <suite started-at="2021-07-15T08:11:49Z" name="Suite" finished-at="2021-07-15T08:12:09Z" duration-ms="19140">
    <groups>
    </groups>
    <test started-at="2021-07-15T08:11:49Z" name="Test" finished-at="2021-07-15T08:12:09Z" duration-ms="19140">
      <class name="com.cleartrip.flightTestRunner.FlightSearchTest">
        <test-method is-config="true" signature="beforeTest()[pri:0, instance:com.cleartrip.flightTestRunner.FlightSearchTest@4d15107f]" started-at="2021-07-15T08:11:50Z" name="beforeTest" finished-at="2021-07-15T08:11:57Z" duration-ms="7538" status="PASS">
          <reporter-output>
          </reporter-output>
        </test-method> <!-- beforeTest -->
        <test-method signature="flightSearchForm()[pri:0, instance:com.cleartrip.flightTestRunner.FlightSearchTest@4d15107f]" started-at="2021-07-15T08:11:57Z" name="flightSearchForm" finished-at="2021-07-15T08:12:07Z" duration-ms="9444" status="PASS">
          <reporter-output>
          </reporter-output>
        </test-method> <!-- flightSearchForm -->
        <test-method is-config="true" signature="afterTest()[pri:0, instance:com.cleartrip.flightTestRunner.FlightSearchTest@4d15107f]" started-at="2021-07-15T08:12:07Z" name="afterTest" finished-at="2021-07-15T08:12:09Z" duration-ms="1700" status="PASS">
          <reporter-output>
          </reporter-output>
        </test-method> <!-- afterTest -->
      </class> <!-- com.cleartrip.flightTestRunner.FlightSearchTest -->
    </test> <!-- Test -->
  </suite> <!-- Suite -->
</testng-results>
