<?xml version="1.0" encoding="UTF-8"?>
<testng-results skipped="0" failed="0" ignored="0" total="1" passed="1">
  <reporter-output>
  </reporter-output>
  <suite name="Default suite" duration-ms="18803" started-at="2021-07-15T08:00:31Z" finished-at="2021-07-15T08:00:50Z">
    <groups>
    </groups>
    <test name="Default test" duration-ms="18803" started-at="2021-07-15T08:00:31Z" finished-at="2021-07-15T08:00:50Z">
      <class name="com.cleartrip.flightTestRunner.FlightSearchTest">
        <test-method status="PASS" signature="beforeTest()[pri:0, instance:com.cleartrip.flightTestRunner.FlightSearchTest@6a6afff2]" name="beforeTest" is-config="true" duration-ms="8366" started-at="2021-07-15T08:00:31Z" finished-at="2021-07-15T08:00:40Z">
          <reporter-output>
          </reporter-output>
        </test-method> <!-- beforeTest -->
        <test-method status="PASS" signature="flightSearchForm()[pri:0, instance:com.cleartrip.flightTestRunner.FlightSearchTest@6a6afff2]" name="flightSearchForm" duration-ms="9754" started-at="2021-07-15T08:00:40Z" finished-at="2021-07-15T08:00:49Z">
          <reporter-output>
          </reporter-output>
        </test-method> <!-- flightSearchForm -->
        <test-method status="PASS" signature="afterTest()[pri:0, instance:com.cleartrip.flightTestRunner.FlightSearchTest@6a6afff2]" name="afterTest" is-config="true" duration-ms="1" started-at="2021-07-15T08:00:50Z" finished-at="2021-07-15T08:00:50Z">
          <reporter-output>
          </reporter-output>
        </test-method> <!-- afterTest -->
      </class> <!-- com.cleartrip.flightTestRunner.FlightSearchTest -->
    </test> <!-- Default test -->
  </suite> <!-- Default suite -->
</testng-results>
